<?xml version="1.0" encoding="UTF-8"?>
<!-- Generated by org.testng.reporters.JUnitReportReporter -->
<testsuite hostname="MOHAMED_GABIR" failures="0" tests="1" name="testBase.TC_AccountRegistrationTest" time="4.760" errors="0" timestamp="2025-02-26T00:21:31 GMT" skipped="0">
  <testcase classname="testBase.TC_AccountRegistrationTest" name="verify_account_registration" time="4.760"/>
</testsuite> <!-- testBase.TC_AccountRegistrationTest -->
