<?xml version="1.0" encoding="UTF-8"?>
<!-- Generated by org.testng.reporters.JUnitReportReporter -->
<testsuite hostname="MOHAMED_GABIR" failures="0" tests="1" name="testCases.TC002_LoginTest" time="1.366" errors="0" timestamp="2025-03-16T23:49:12 GMT" skipped="0">
  <testcase classname="testCases.TC002_LoginTest" name="verify_login" time="1.366"/>
</testsuite> <!-- testCases.TC002_LoginTest -->
