<?xml version="1.0" encoding="UTF-8"?>
<!-- Generated by org.testng.reporters.JUnitReportReporter -->
<testsuite hostname="MOHAMED_GABIR" failures="0" tests="1" name="testCases.TC_AccountRegistrationTest" time="6.305" errors="0" timestamp="2025-03-04T23:23:14 GMT" skipped="0">
  <testcase classname="testCases.TC_AccountRegistrationTest" name="verify_account_registration" time="6.305"/>
</testsuite> <!-- testCases.TC_AccountRegistrationTest -->
