<?xml version="1.0" encoding="UTF-8"?>
<!-- Generated by org.testng.reporters.JUnitReportReporter -->
<testsuite hostname="MOHAMED_GABIR" failures="0" tests="1" name="testCases.TC002_LoginTest" time="1.654" errors="0" timestamp="2025-03-17T01:48:40 GMT" skipped="0">
  <testcase classname="testCases.TC002_LoginTest" name="verify_login" time="1.654"/>
</testsuite> <!-- testCases.TC002_LoginTest -->
