<?xml version="1.0" encoding="UTF-8"?>
<!-- Generated by org.testng.reporters.JUnitReportReporter -->
<testsuite hostname="MOHAMED_GABIR" failures="0" tests="1" name="testCases.TC_AccountRegistrationTest" time="3.303" errors="0" timestamp="2025-03-17T01:48:40 GMT" skipped="0">
  <testcase classname="testCases.TC_AccountRegistrationTest" name="verify_account_registration" time="3.303"/>
</testsuite> <!-- testCases.TC_AccountRegistrationTest -->
